[33m[vite:css][postcss] @import must precede all other statements (besides @charset or empty @layer)
7302|    initial-value: 0;
7303|  }
7304|  @import url('https://fonts.googleapis.com/css2?family=Inter:wght@400;500;600;700;800;900&family=Hind+Siliguri:wght@400;500;600;700&display=swap');
   |  ^^^^^^^^^^^^^^^^^^^^^^^^^^^^^^^^^^^^^^^^^^^^^^^^^^^^^^^^^^^^^^^^^^^^^^^^^^^^^^^^^^^^^^^^^^^^^^^^^^^^^^^^^^^^^^^^^^^^^^^^^^^^^^^^^^^^^^^^^^^^^^^^^^
7305|  :root {
7306|    --font-size: 16px;[39m
[33m[vite:css][postcss] @import must precede all other statements (besides @charset or empty @layer)
7302|    initial-value: 0;
7303|  }
7304|  @import url('https://fonts.googleapis.com/css2?family=Inter:wght@400;500;600;700;800;900&family=Hind+Siliguri:wght@400;500;600;700&display=swap');
   |  ^^^^^^^^^^^^^^^^^^^^^^^^^^^^^^^^^^^^^^^^^^^^^^^^^^^^^^^^^^^^^^^^^^^^^^^^^^^^^^^^^^^^^^^^^^^^^^^^^^^^^^^^^^^^^^^^^^^^^^^^^^^^^^^^^^^^^^^^^^^^^^^^^^
7305|  :root {
7306|    --font-size: 16px;[39m
[33m[vite:css][postcss] @import must precede all other statements (besides @charset or empty @layer)
7302|    initial-value: 0;
7303|  }
7304|  @import url('https://fonts.googleapis.com/css2?family=Inter:wght@400;500;600;700;800;900&family=Hind+Siliguri:wght@400;500;600;700&display=swap');
   |  ^^^^^^^^^^^^^^^^^^^^^^^^^^^^^^^^^^^^^^^^^^^^^^^^^^^^^^^^^^^^^^^^^^^^^^^^^^^^^^^^^^^^^^^^^^^^^^^^^^^^^^^^^^^^^^^^^^^^^^^^^^^^^^^^^^^^^^^^^^^^^^^^^^
7305|  :root {
7306|    --font-size: 16px;[39m
[33m[vite:css][postcss] @import must precede all other statements (besides @charset or empty @layer)
7302|    initial-value: 0;
7303|  }
7304|  @import url('https://fonts.googleapis.com/css2?family=Inter:wght@400;500;600;700;800;900&family=Hind+Siliguri:wght@400;500;600;700&display=swap');
   |  ^^^^^^^^^^^^^^^^^^^^^^^^^^^^^^^^^^^^^^^^^^^^^^^^^^^^^^^^^^^^^^^^^^^^^^^^^^^^^^^^^^^^^^^^^^^^^^^^^^^^^^^^^^^^^^^^^^^^^^^^^^^^^^^^^^^^^^^^^^^^^^^^^^
7305|  :root {
7306|    --font-size: 16px;[39m
[33m[vite:css][postcss] @import must precede all other statements (besides @charset or empty @layer)
7302|    initial-value: 0;
7303|  }
7304|  @import url('https://fonts.googleapis.com/css2?family=Inter:wght@400;500;600;700;800;900&family=Hind+Siliguri:wght@400;500;600;700&display=swap');
   |  ^^^^^^^^^^^^^^^^^^^^^^^^^^^^^^^^^^^^^^^^^^^^^^^^^^^^^^^^^^^^^^^^^^^^^^^^^^^^^^^^^^^^^^^^^^^^^^^^^^^^^^^^^^^^^^^^^^^^^^^^^^^^^^^^^^^^^^^^^^^^^^^^^^
7305|  :root {
7306|    --font-size: 16px;[39m
[33m[vite:css][postcss] @import must precede all other statements (besides @charset or empty @layer)
7302|    initial-value: 0;
7303|  }
7304|  @import url('https://fonts.googleapis.com/css2?family=Inter:wght@400;500;600;700;800;900&family=Hind+Siliguri:wght@400;500;600;700&display=swap');
   |  ^^^^^^^^^^^^^^^^^^^^^^^^^^^^^^^^^^^^^^^^^^^^^^^^^^^^^^^^^^^^^^^^^^^^^^^^^^^^^^^^^^^^^^^^^^^^^^^^^^^^^^^^^^^^^^^^^^^^^^^^^^^^^^^^^^^^^^^^^^^^^^^^^^
7305|  :root {
7306|    --font-size: 16px;[39m
[33m[vite:css][postcss] @import must precede all other statements (besides @charset or empty @layer)
7302|    initial-value: 0;
7303|  }
7304|  @import url('https://fonts.googleapis.com/css2?family=Inter:wght@400;500;600;700;800;900&family=Hind+Siliguri:wght@400;500;600;700&display=swap');
   |  ^^^^^^^^^^^^^^^^^^^^^^^^^^^^^^^^^^^^^^^^^^^^^^^^^^^^^^^^^^^^^^^^^^^^^^^^^^^^^^^^^^^^^^^^^^^^^^^^^^^^^^^^^^^^^^^^^^^^^^^^^^^^^^^^^^^^^^^^^^^^^^^^^^
7305|  :root {
7306|    --font-size: 16px;[39m
[33m[vite:css][postcss] @import must precede all other statements (besides @charset or empty @layer)
7302|    initial-value: 0;
7303|  }
7304|  @import url('https://fonts.googleapis.com/css2?family=Inter:wght@400;500;600;700;800;900&family=Hind+Siliguri:wght@400;500;600;700&display=swap');
   |  ^^^^^^^^^^^^^^^^^^^^^^^^^^^^^^^^^^^^^^^^^^^^^^^^^^^^^^^^^^^^^^^^^^^^^^^^^^^^^^^^^^^^^^^^^^^^^^^^^^^^^^^^^^^^^^^^^^^^^^^^^^^^^^^^^^^^^^^^^^^^^^^^^^
7305|  :root {
7306|    --font-size: 16px;[39m
[33m[vite:css][postcss] @import must precede all other statements (besides @charset or empty @layer)
7302|    initial-value: 0;
7303|  }
7304|  @import url('https://fonts.googleapis.com/css2?family=Inter:wght@400;500;600;700;800;900&family=Hind+Siliguri:wght@400;500;600;700&display=swap');
   |  ^^^^^^^^^^^^^^^^^^^^^^^^^^^^^^^^^^^^^^^^^^^^^^^^^^^^^^^^^^^^^^^^^^^^^^^^^^^^^^^^^^^^^^^^^^^^^^^^^^^^^^^^^^^^^^^^^^^^^^^^^^^^^^^^^^^^^^^^^^^^^^^^^^
7305|  :root {
7306|    --font-size: 16px;[39m
[33m[vite:css][postcss] @import must precede all other statements (besides @charset or empty @layer)
7302|    initial-value: 0;
7303|  }
7304|  @import url('https://fonts.googleapis.com/css2?family=Inter:wght@400;500;600;700;800;900&family=Hind+Siliguri:wght@400;500;600;700&display=swap');
   |  ^^^^^^^^^^^^^^^^^^^^^^^^^^^^^^^^^^^^^^^^^^^^^^^^^^^^^^^^^^^^^^^^^^^^^^^^^^^^^^^^^^^^^^^^^^^^^^^^^^^^^^^^^^^^^^^^^^^^^^^^^^^^^^^^^^^^^^^^^^^^^^^^^^
7305|  :root {
7306|    --font-size: 16px;[39m
[33m[vite:css][postcss] @import must precede all other statements (besides @charset or empty @layer)
7337|    initial-value: 0;
7338|  }
7339|  @import url('https://fonts.googleapis.com/css2?family=Inter:wght@400;500;600;700;800;900&family=Hind+Siliguri:wght@400;500;600;700&display=swap');
   |  ^^^^^^^^^^^^^^^^^^^^^^^^^^^^^^^^^^^^^^^^^^^^^^^^^^^^^^^^^^^^^^^^^^^^^^^^^^^^^^^^^^^^^^^^^^^^^^^^^^^^^^^^^^^^^^^^^^^^^^^^^^^^^^^^^^^^^^^^^^^^^^^^^^
7340|  :root {
7341|    --font-size: 16px;[39m
[33m[vite:css][postcss] @import must precede all other statements (besides @charset or empty @layer)
7337|    initial-value: 0;
7338|  }
7339|  @import url('https://fonts.googleapis.com/css2?family=Inter:wght@400;500;600;700;800;900&family=Hind+Siliguri:wght@400;500;600;700&display=swap');
   |  ^^^^^^^^^^^^^^^^^^^^^^^^^^^^^^^^^^^^^^^^^^^^^^^^^^^^^^^^^^^^^^^^^^^^^^^^^^^^^^^^^^^^^^^^^^^^^^^^^^^^^^^^^^^^^^^^^^^^^^^^^^^^^^^^^^^^^^^^^^^^^^^^^^
7340|  :root {
7341|    --font-size: 16px;[39m
[33m[vite:css][postcss] @import must precede all other statements (besides @charset or empty @layer)
7337|    initial-value: 0;
7338|  }
7339|  @import url('https://fonts.googleapis.com/css2?family=Inter:wght@400;500;600;700;800;900&family=Hind+Siliguri:wght@400;500;600;700&display=swap');
   |  ^^^^^^^^^^^^^^^^^^^^^^^^^^^^^^^^^^^^^^^^^^^^^^^^^^^^^^^^^^^^^^^^^^^^^^^^^^^^^^^^^^^^^^^^^^^^^^^^^^^^^^^^^^^^^^^^^^^^^^^^^^^^^^^^^^^^^^^^^^^^^^^^^^
7340|  :root {
7341|    --font-size: 16px;[39m
[33m[vite:css][postcss] @import must precede all other statements (besides @charset or empty @layer)
7344|    initial-value: 0;
7345|  }
7346|  @import url('https://fonts.googleapis.com/css2?family=Inter:wght@400;500;600;700;800;900&family=Hind+Siliguri:wght@400;500;600;700&display=swap');
   |  ^^^^^^^^^^^^^^^^^^^^^^^^^^^^^^^^^^^^^^^^^^^^^^^^^^^^^^^^^^^^^^^^^^^^^^^^^^^^^^^^^^^^^^^^^^^^^^^^^^^^^^^^^^^^^^^^^^^^^^^^^^^^^^^^^^^^^^^^^^^^^^^^^^
7347|  :root {
7348|    --font-size: 16px;[39m
[33m[vite:css][postcss] @import must precede all other statements (besides @charset or empty @layer)
7360|    initial-value: 0;
7361|  }
7362|  @import url('https://fonts.googleapis.com/css2?family=Inter:wght@400;500;600;700;800;900&family=Hind+Siliguri:wght@400;500;600;700&display=swap');
   |  ^^^^^^^^^^^^^^^^^^^^^^^^^^^^^^^^^^^^^^^^^^^^^^^^^^^^^^^^^^^^^^^^^^^^^^^^^^^^^^^^^^^^^^^^^^^^^^^^^^^^^^^^^^^^^^^^^^^^^^^^^^^^^^^^^^^^^^^^^^^^^^^^^^
7363|  :root {
7364|    --font-size: 16px;[39m
[33m[vite:css][postcss] @import must precede all other statements (besides @charset or empty @layer)
7597|    initial-value: 0;
7598|  }
7599|  @import url('https://fonts.googleapis.com/css2?family=Inter:wght@400;500;600;700;800;900&family=Hind+Siliguri:wght@400;500;600;700&display=swap');
   |  ^^^^^^^^^^^^^^^^^^^^^^^^^^^^^^^^^^^^^^^^^^^^^^^^^^^^^^^^^^^^^^^^^^^^^^^^^^^^^^^^^^^^^^^^^^^^^^^^^^^^^^^^^^^^^^^^^^^^^^^^^^^^^^^^^^^^^^^^^^^^^^^^^^
7600|  :root {
7601|    --font-size: 16px;[39m
[33m[vite:css][postcss] @import must precede all other statements (besides @charset or empty @layer)
7630|    initial-value: 0;
7631|  }
7632|  @import url('https://fonts.googleapis.com/css2?family=Inter:wght@400;500;600;700;800;900&family=Hind+Siliguri:wght@400;500;600;700&display=swap');
   |  ^^^^^^^^^^^^^^^^^^^^^^^^^^^^^^^^^^^^^^^^^^^^^^^^^^^^^^^^^^^^^^^^^^^^^^^^^^^^^^^^^^^^^^^^^^^^^^^^^^^^^^^^^^^^^^^^^^^^^^^^^^^^^^^^^^^^^^^^^^^^^^^^^^
7633|  :root {
7634|    --font-size: 16px;[39m
[33m[vite:css][postcss] @import must precede all other statements (besides @charset or empty @layer)
7630|    initial-value: 0;
7631|  }
7632|  @import url('https://fonts.googleapis.com/css2?family=Inter:wght@400;500;600;700;800;900&family=Hind+Siliguri:wght@400;500;600;700&display=swap');
   |  ^^^^^^^^^^^^^^^^^^^^^^^^^^^^^^^^^^^^^^^^^^^^^^^^^^^^^^^^^^^^^^^^^^^^^^^^^^^^^^^^^^^^^^^^^^^^^^^^^^^^^^^^^^^^^^^^^^^^^^^^^^^^^^^^^^^^^^^^^^^^^^^^^^
7633|  :root {
7634|    --font-size: 16px;[39m
[33m[vite:css][postcss] @import must precede all other statements (besides @charset or empty @layer)
7630|    initial-value: 0;
7631|  }
7632|  @import url('https://fonts.googleapis.com/css2?family=Inter:wght@400;500;600;700;800;900&family=Hind+Siliguri:wght@400;500;600;700&display=swap');
   |  ^^^^^^^^^^^^^^^^^^^^^^^^^^^^^^^^^^^^^^^^^^^^^^^^^^^^^^^^^^^^^^^^^^^^^^^^^^^^^^^^^^^^^^^^^^^^^^^^^^^^^^^^^^^^^^^^^^^^^^^^^^^^^^^^^^^^^^^^^^^^^^^^^^
7633|  :root {
7634|    --font-size: 16px;[39m
[33m[vite:css][postcss] @import must precede all other statements (besides @charset or empty @layer)
7656|    initial-value: 0;
7657|  }
7658|  @import url('https://fonts.googleapis.com/css2?family=Inter:wght@400;500;600;700;800;900&family=Hind+Siliguri:wght@400;500;600;700&display=swap');
   |  ^^^^^^^^^^^^^^^^^^^^^^^^^^^^^^^^^^^^^^^^^^^^^^^^^^^^^^^^^^^^^^^^^^^^^^^^^^^^^^^^^^^^^^^^^^^^^^^^^^^^^^^^^^^^^^^^^^^^^^^^^^^^^^^^^^^^^^^^^^^^^^^^^^
7659|  :root {
7660|    --font-size: 16px;[39m
[33m[vite:css][postcss] @import must precede all other statements (besides @charset or empty @layer)
7656|    initial-value: 0;
7657|  }
7658|  @import url('https://fonts.googleapis.com/css2?family=Inter:wght@400;500;600;700;800;900&family=Hind+Siliguri:wght@400;500;600;700&display=swap');
   |  ^^^^^^^^^^^^^^^^^^^^^^^^^^^^^^^^^^^^^^^^^^^^^^^^^^^^^^^^^^^^^^^^^^^^^^^^^^^^^^^^^^^^^^^^^^^^^^^^^^^^^^^^^^^^^^^^^^^^^^^^^^^^^^^^^^^^^^^^^^^^^^^^^^
7659|  :root {
7660|    --font-size: 16px;[39m
[33m[vite:css][postcss] @import must precede all other statements (besides @charset or empty @layer)
7656|    initial-value: 0;
7657|  }
7658|  @import url('https://fonts.googleapis.com/css2?family=Inter:wght@400;500;600;700;800;900&family=Hind+Siliguri:wght@400;500;600;700&display=swap');
   |  ^^^^^^^^^^^^^^^^^^^^^^^^^^^^^^^^^^^^^^^^^^^^^^^^^^^^^^^^^^^^^^^^^^^^^^^^^^^^^^^^^^^^^^^^^^^^^^^^^^^^^^^^^^^^^^^^^^^^^^^^^^^^^^^^^^^^^^^^^^^^^^^^^^
7659|  :root {
7660|    --font-size: 16px;[39m
[33m[vite:css][postcss] @import must precede all other statements (besides @charset or empty @layer)
7656|    initial-value: 0;
7657|  }
7658|  @import url('https://fonts.googleapis.com/css2?family=Inter:wght@400;500;600;700;800;900&family=Hind+Siliguri:wght@400;500;600;700&display=swap');
   |  ^^^^^^^^^^^^^^^^^^^^^^^^^^^^^^^^^^^^^^^^^^^^^^^^^^^^^^^^^^^^^^^^^^^^^^^^^^^^^^^^^^^^^^^^^^^^^^^^^^^^^^^^^^^^^^^^^^^^^^^^^^^^^^^^^^^^^^^^^^^^^^^^^^
7659|  :root {
7660|    --font-size: 16px;[39m
[33m[vite:css][postcss] @import must precede all other statements (besides @charset or empty @layer)
7664|    initial-value: 0;
7665|  }
7666|  @import url('https://fonts.googleapis.com/css2?family=Inter:wght@400;500;600;700;800;900&family=Hind+Siliguri:wght@400;500;600;700&display=swap');
   |  ^^^^^^^^^^^^^^^^^^^^^^^^^^^^^^^^^^^^^^^^^^^^^^^^^^^^^^^^^^^^^^^^^^^^^^^^^^^^^^^^^^^^^^^^^^^^^^^^^^^^^^^^^^^^^^^^^^^^^^^^^^^^^^^^^^^^^^^^^^^^^^^^^^
7667|  :root {
7668|    --font-size: 16px;[39m
[33m[vite:css][postcss] @import must precede all other statements (besides @charset or empty @layer)
7664|    initial-value: 0;
7665|  }
7666|  @import url('https://fonts.googleapis.com/css2?family=Inter:wght@400;500;600;700;800;900&family=Hind+Siliguri:wght@400;500;600;700&display=swap');
   |  ^^^^^^^^^^^^^^^^^^^^^^^^^^^^^^^^^^^^^^^^^^^^^^^^^^^^^^^^^^^^^^^^^^^^^^^^^^^^^^^^^^^^^^^^^^^^^^^^^^^^^^^^^^^^^^^^^^^^^^^^^^^^^^^^^^^^^^^^^^^^^^^^^^
7667|  :root {
7668|    --font-size: 16px;[39m
[33m[vite:css][postcss] @import must precede all other statements (besides @charset or empty @layer)
7664|    initial-value: 0;
7665|  }
7666|  @import url('https://fonts.googleapis.com/css2?family=Inter:wght@400;500;600;700;800;900&family=Hind+Siliguri:wght@400;500;600;700&display=swap');
   |  ^^^^^^^^^^^^^^^^^^^^^^^^^^^^^^^^^^^^^^^^^^^^^^^^^^^^^^^^^^^^^^^^^^^^^^^^^^^^^^^^^^^^^^^^^^^^^^^^^^^^^^^^^^^^^^^^^^^^^^^^^^^^^^^^^^^^^^^^^^^^^^^^^^
7667|  :root {
7668|    --font-size: 16px;[39m
[33m[vite:css][postcss] @import must precede all other statements (besides @charset or empty @layer)
7664|    initial-value: 0;
7665|  }
7666|  @import url('https://fonts.googleapis.com/css2?family=Inter:wght@400;500;600;700;800;900&family=Hind+Siliguri:wght@400;500;600;700&display=swap');
   |  ^^^^^^^^^^^^^^^^^^^^^^^^^^^^^^^^^^^^^^^^^^^^^^^^^^^^^^^^^^^^^^^^^^^^^^^^^^^^^^^^^^^^^^^^^^^^^^^^^^^^^^^^^^^^^^^^^^^^^^^^^^^^^^^^^^^^^^^^^^^^^^^^^^
7667|  :root {
7668|    --font-size: 16px;[39m
[2m2:09:51 AM[22m [31m[1m[vite][22m[39m [31m[2m(client)[22m[39m Pre-transform error: Transform failed with 1 error:
C:/Users/shnit/OneDrive/Desktop/Digital Publishing Platform/src/app/store/useStore.ts:809:0: ERROR: Unexpected end of file
  Plugin: [35mvite:esbuild[39m
  File: [36mC:/Users/shnit/OneDrive/Desktop/Digital Publishing Platform/src/app/store/useStore.ts[39m:809:0
[33m  
  [33mUnexpected end of file[33m
  807|  
  808|  useStore.getState = () => currentState;
  809|  
     |  ^
  [39m
[2m2:09:51 AM[22m [31m[1m[vite][22m[39m [31m[2m(client)[22m[39m Pre-transform error: Transform failed with 1 error:
C:/Users/shnit/OneDrive/Desktop/Digital Publishing Platform/src/app/store/useStore.ts:809:0: ERROR: Unexpected end of file
  Plugin: [35mvite:esbuild[39m
  File: [36mC:/Users/shnit/OneDrive/Desktop/Digital Publishing Platform/src/app/store/useStore.ts[39m:809:0
[33m  
  [33mUnexpected end of file[33m
  807|  
  808|  useStore.getState = () => currentState;
  809|  
     |  ^
  [39m
[2m2:09:51 AM[22m [31m[1m[vite][22m[39m [31m[2m(client)[22m[39m Pre-transform error: Transform failed with 1 error:
C:/Users/shnit/OneDrive/Desktop/Digital Publishing Platform/src/app/store/useStore.ts:809:0: ERROR: Unexpected end of file
  Plugin: [35mvite:esbuild[39m
  File: [36mC:/Users/shnit/OneDrive/Desktop/Digital Publishing Platform/src/app/store/useStore.ts[39m:809:0
[33m  
  [33mUnexpected end of file[33m
  807|  
  808|  useStore.getState = () => currentState;
  809|  
     |  ^
  [39m
[2m2:09:51 AM[22m [31m[1m[vite][22m[39m [31m[2m(client)[22m[39m Pre-transform error: Transform failed with 1 error:
C:/Users/shnit/OneDrive/Desktop/Digital Publishing Platform/src/app/store/useStore.ts:809:0: ERROR: Unexpected end of file
  Plugin: [35mvite:esbuild[39m
  File: [36mC:/Users/shnit/OneDrive/Desktop/Digital Publishing Platform/src/app/store/useStore.ts[39m:809:0
[33m  
  [33mUnexpected end of file[33m
  807|  
  808|  useStore.getState = () => currentState;
  809|  
     |  ^
  [39m
[2m2:09:51 AM[22m [31m[1m[vite][22m[39m [31m[2m(client)[22m[39m Pre-transform error: Transform failed with 1 error:
C:/Users/shnit/OneDrive/Desktop/Digital Publishing Platform/src/app/store/useStore.ts:809:0: ERROR: Unexpected end of file
  Plugin: [35mvite:esbuild[39m
  File: [36mC:/Users/shnit/OneDrive/Desktop/Digital Publishing Platform/src/app/store/useStore.ts[39m:809:0
[33m  
  [33mUnexpected end of file[33m
  807|  
  808|  useStore.getState = () => currentState;
  809|  
     |  ^
  [39m
[2m2:09:51 AM[22m [31m[1m[vite][22m[39m [31m[2m(client)[22m[39m Pre-transform error: Transform failed with 1 error:
C:/Users/shnit/OneDrive/Desktop/Digital Publishing Platform/src/app/store/useStore.ts:809:0: ERROR: Unexpected end of file
  Plugin: [35mvite:esbuild[39m
  File: [36mC:/Users/shnit/OneDrive/Desktop/Digital Publishing Platform/src/app/store/useStore.ts[39m:809:0
[33m  
  [33mUnexpected end of file[33m
  807|  
  808|  useStore.getState = () => currentState;
  809|  
     |  ^
  [39m
[2m2:09:51 AM[22m [31m[1m[vite][22m[39m [31m[2m(client)[22m[39m Pre-transform error: Transform failed with 1 error:
C:/Users/shnit/OneDrive/Desktop/Digital Publishing Platform/src/app/store/useStore.ts:809:0: ERROR: Unexpected end of file
  Plugin: [35mvite:esbuild[39m
  File: [36mC:/Users/shnit/OneDrive/Desktop/Digital Publishing Platform/src/app/store/useStore.ts[39m:809:0
[33m  
  [33mUnexpected end of file[33m
  807|  
  808|  useStore.getState = () => currentState;
  809|  
     |  ^
  [39m
[2m2:09:51 AM[22m [31m[1m[vite][22m[39m [31m[2m(client)[22m[39m Pre-transform error: Transform failed with 1 error:
C:/Users/shnit/OneDrive/Desktop/Digital Publishing Platform/src/app/store/useStore.ts:809:0: ERROR: Unexpected end of file
  Plugin: [35mvite:esbuild[39m
  File: [36mC:/Users/shnit/OneDrive/Desktop/Digital Publishing Platform/src/app/store/useStore.ts[39m:809:0
[33m  
  [33mUnexpected end of file[33m
  807|  
  808|  useStore.getState = () => currentState;
  809|  
     |  ^
  [39m
[2m2:09:51 AM[22m [31m[1m[vite][22m[39m [31m[2m(client)[22m[39m Pre-transform error: Transform failed with 1 error:
C:/Users/shnit/OneDrive/Desktop/Digital Publishing Platform/src/app/store/useStore.ts:809:0: ERROR: Unexpected end of file
  Plugin: [35mvite:esbuild[39m
  File: [36mC:/Users/shnit/OneDrive/Desktop/Digital Publishing Platform/src/app/store/useStore.ts[39m:809:0
[33m  
  [33mUnexpected end of file[33m
  807|  
  808|  useStore.getState = () => currentState;
  809|  
     |  ^
  [39m
[2m2:09:51 AM[22m [31m[1m[vite][22m[39m [31m[2m(client)[22m[39m Pre-transform error: Transform failed with 1 error:
C:/Users/shnit/OneDrive/Desktop/Digital Publishing Platform/src/app/store/useStore.ts:809:0: ERROR: Unexpected end of file
  Plugin: [35mvite:esbuild[39m
  File: [36mC:/Users/shnit/OneDrive/Desktop/Digital Publishing Platform/src/app/store/useStore.ts[39m:809:0
[33m  
  [33mUnexpected end of file[33m
  807|  
  808|  useStore.getState = () => currentState;
  809|  
     |  ^
  [39m
[2m2:09:51 AM[22m [31m[1m[vite][22m[39m [31m[2m(client)[22m[39m Pre-transform error: Transform failed with 1 error:
C:/Users/shnit/OneDrive/Desktop/Digital Publishing Platform/src/app/store/useStore.ts:809:0: ERROR: Unexpected end of file
  Plugin: [35mvite:esbuild[39m
  File: [36mC:/Users/shnit/OneDrive/Desktop/Digital Publishing Platform/src/app/store/useStore.ts[39m:809:0
[33m  
  [33mUnexpected end of file[33m
  807|  
  808|  useStore.getState = () => currentState;
  809|  
     |  ^
  [39m
[2m2:09:51 AM[22m [31m[1m[vite][22m[39m [31mInternal server error: Transform failed with 1 error:
C:/Users/shnit/OneDrive/Desktop/Digital Publishing Platform/src/app/store/useStore.ts:809:0: ERROR: Unexpected end of file[39m
  Plugin: [35mvite:esbuild[39m
  File: [36mC:/Users/shnit/OneDrive/Desktop/Digital Publishing Platform/src/app/store/useStore.ts[39m:809:0
[33m  
  [33mUnexpected end of file[33m
  807|  
  808|  useStore.getState = () => currentState;
  809|  
     |  ^
  [39m
      at failureErrorWithLog (C:\Users\shnit\OneDrive\Desktop\Digital Publishing Platform\node_modules\esbuild\lib\main.js:1467:15)
      at C:\Users\shnit\OneDrive\Desktop\Digital Publishing Platform\node_modules\esbuild\lib\main.js:736:50
      at responseCallbacks.<computed> (C:\Users\shnit\OneDrive\Desktop\Digital Publishing Platform\node_modules\esbuild\lib\main.js:603:9)
      at handleIncomingPacket (C:\Users\shnit\OneDrive\Desktop\Digital Publishing Platform\node_modules\esbuild\lib\main.js:658:12)
      at Socket.readFromStdout (C:\Users\shnit\OneDrive\Desktop\Digital Publishing Platform\node_modules\esbuild\lib\main.js:581:7)
      at Socket.emit (node:events:508:28)
      at addChunk (node:internal/streams/readable:563:12)
      at readableAddChunkPushByteMode (node:internal/streams/readable:514:3)
      at Readable.push (node:internal/streams/readable:394:5)
      at Pipe.onStreamRead (node:internal/stream_base_commons:189:23)
[2m2:09:51 AM[22m [31m[1m[vite][22m[39m [31m[2m(client)[22m[39m Pre-transform error: Transform failed with 1 error:
C:/Users/shnit/OneDrive/Desktop/Digital Publishing Platform/src/app/store/useStore.ts:809:0: ERROR: Unexpected end of file
  Plugin: [35mvite:esbuild[39m
  File: [36mC:/Users/shnit/OneDrive/Desktop/Digital Publishing Platform/src/app/store/useStore.ts[39m:809:0
[33m  
  [33mUnexpected end of file[33m
  807|  
  808|  useStore.getState = () => currentState;
  809|  
     |  ^
  [39m
[33m[vite:css][postcss] @import must precede all other statements (besides @charset or empty @layer)
7664|    initial-value: 0;
7665|  }
7666|  @import url('https://fonts.googleapis.com/css2?family=Inter:wght@400;500;600;700;800;900&family=Hind+Siliguri:wght@400;500;600;700&display=swap');
   |  ^^^^^^^^^^^^^^^^^^^^^^^^^^^^^^^^^^^^^^^^^^^^^^^^^^^^^^^^^^^^^^^^^^^^^^^^^^^^^^^^^^^^^^^^^^^^^^^^^^^^^^^^^^^^^^^^^^^^^^^^^^^^^^^^^^^^^^^^^^^^^^^^^^
7667|  :root {
7668|    --font-size: 16px;[39m
[2m2:11:07 AM[22m [31m[1m[vite][22m[39m [31m[2m(client)[22m[39m Pre-transform error: Transform failed with 1 error:
C:/Users/shnit/OneDrive/Desktop/Digital Publishing Platform/src/app/store/useStore.ts:256:4: ERROR: Expected "}" but found "currentState"
  Plugin: [35mvite:esbuild[39m
  File: [36mC:/Users/shnit/OneDrive/Desktop/Digital Publishing Platform/src/app/store/useStore.ts[39m:256:4
[33m  
  [33mExpected "}" but found "currentState"[33m
  254|          email: session.user.email
  255|  
  256|      currentState.user = {
     |      ^
  257|        id: session.user.id,
  258|        email: session.user.email!,
  [39m
[2m2:11:07 AM[22m [31m[1m[vite][22m[39m [31m[2m(client)[22m[39m Pre-transform error: Transform failed with 1 error:
C:/Users/shnit/OneDrive/Desktop/Digital Publishing Platform/src/app/store/useStore.ts:256:4: ERROR: Expected "}" but found "currentState"
  Plugin: [35mvite:esbuild[39m
  File: [36mC:/Users/shnit/OneDrive/Desktop/Digital Publishing Platform/src/app/store/useStore.ts[39m:256:4
[33m  
  [33mExpected "}" but found "currentState"[33m
  254|          email: session.user.email
  255|  
  256|      currentState.user = {
     |      ^
  257|        id: session.user.id,
  258|        email: session.user.email!,
  [39m
[2m2:11:07 AM[22m [31m[1m[vite][22m[39m [31m[2m(client)[22m[39m Pre-transform error: Transform failed with 1 error:
C:/Users/shnit/OneDrive/Desktop/Digital Publishing Platform/src/app/store/useStore.ts:256:4: ERROR: Expected "}" but found "currentState"
  Plugin: [35mvite:esbuild[39m
  File: [36mC:/Users/shnit/OneDrive/Desktop/Digital Publishing Platform/src/app/store/useStore.ts[39m:256:4
[33m  
  [33mExpected "}" but found "currentState"[33m
  254|          email: session.user.email
  255|  
  256|      currentState.user = {
     |      ^
  257|        id: session.user.id,
  258|        email: session.user.email!,
  [39m
[2m2:11:07 AM[22m [31m[1m[vite][22m[39m [31m[2m(client)[22m[39m Pre-transform error: Transform failed with 1 error:
C:/Users/shnit/OneDrive/Desktop/Digital Publishing Platform/src/app/store/useStore.ts:256:4: ERROR: Expected "}" but found "currentState"
  Plugin: [35mvite:esbuild[39m
  File: [36mC:/Users/shnit/OneDrive/Desktop/Digital Publishing Platform/src/app/store/useStore.ts[39m:256:4
[33m  
  [33mExpected "}" but found "currentState"[33m
  254|          email: session.user.email
  255|  
  256|      currentState.user = {
     |      ^
  257|        id: session.user.id,
  258|        email: session.user.email!,
  [39m
[2m2:11:07 AM[22m [31m[1m[vite][22m[39m [31m[2m(client)[22m[39m Pre-transform error: Transform failed with 1 error:
C:/Users/shnit/OneDrive/Desktop/Digital Publishing Platform/src/app/store/useStore.ts:256:4: ERROR: Expected "}" but found "currentState"
  Plugin: [35mvite:esbuild[39m
  File: [36mC:/Users/shnit/OneDrive/Desktop/Digital Publishing Platform/src/app/store/useStore.ts[39m:256:4
[33m  
  [33mExpected "}" but found "currentState"[33m
  254|          email: session.user.email
  255|  
  256|      currentState.user = {
     |      ^
  257|        id: session.user.id,
  258|        email: session.user.email!,
  [39m
[2m2:11:07 AM[22m [31m[1m[vite][22m[39m [31m[2m(client)[22m[39m Pre-transform error: Transform failed with 1 error:
C:/Users/shnit/OneDrive/Desktop/Digital Publishing Platform/src/app/store/useStore.ts:256:4: ERROR: Expected "}" but found "currentState"
  Plugin: [35mvite:esbuild[39m
  File: [36mC:/Users/shnit/OneDrive/Desktop/Digital Publishing Platform/src/app/store/useStore.ts[39m:256:4
[33m  
  [33mExpected "}" but found "currentState"[33m
  254|          email: session.user.email
  255|  
  256|      currentState.user = {
     |      ^
  257|        id: session.user.id,
  258|        email: session.user.email!,
  [39m
[2m2:11:07 AM[22m [31m[1m[vite][22m[39m [31m[2m(client)[22m[39m Pre-transform error: Transform failed with 1 error:
C:/Users/shnit/OneDrive/Desktop/Digital Publishing Platform/src/app/store/useStore.ts:256:4: ERROR: Expected "}" but found "currentState"
  Plugin: [35mvite:esbuild[39m
  File: [36mC:/Users/shnit/OneDrive/Desktop/Digital Publishing Platform/src/app/store/useStore.ts[39m:256:4
[33m  
  [33mExpected "}" but found "currentState"[33m
  254|          email: session.user.email
  255|  
  256|      currentState.user = {
     |      ^
  257|        id: session.user.id,
  258|        email: session.user.email!,
  [39m
[2m2:11:07 AM[22m [31m[1m[vite][22m[39m [31m[2m(client)[22m[39m Pre-transform error: Transform failed with 1 error:
C:/Users/shnit/OneDrive/Desktop/Digital Publishing Platform/src/app/store/useStore.ts:256:4: ERROR: Expected "}" but found "currentState"
  Plugin: [35mvite:esbuild[39m
  File: [36mC:/Users/shnit/OneDrive/Desktop/Digital Publishing Platform/src/app/store/useStore.ts[39m:256:4
[33m  
  [33mExpected "}" but found "currentState"[33m
  254|          email: session.user.email
  255|  
  256|      currentState.user = {
     |      ^
  257|        id: session.user.id,
  258|        email: session.user.email!,
  [39m
[2m2:11:07 AM[22m [31m[1m[vite][22m[39m [31m[2m(client)[22m[39m Pre-transform error: Transform failed with 1 error:
C:/Users/shnit/OneDrive/Desktop/Digital Publishing Platform/src/app/store/useStore.ts:256:4: ERROR: Expected "}" but found "currentState"
  Plugin: [35mvite:esbuild[39m
  File: [36mC:/Users/shnit/OneDrive/Desktop/Digital Publishing Platform/src/app/store/useStore.ts[39m:256:4
[33m  
  [33mExpected "}" but found "currentState"[33m
  254|          email: session.user.email
  255|  
  256|      currentState.user = {
     |      ^
  257|        id: session.user.id,
  258|        email: session.user.email!,
  [39m
[2m2:11:07 AM[22m [31m[1m[vite][22m[39m [31m[2m(client)[22m[39m Pre-transform error: Transform failed with 1 error:
C:/Users/shnit/OneDrive/Desktop/Digital Publishing Platform/src/app/store/useStore.ts:256:4: ERROR: Expected "}" but found "currentState"
  Plugin: [35mvite:esbuild[39m
  File: [36mC:/Users/shnit/OneDrive/Desktop/Digital Publishing Platform/src/app/store/useStore.ts[39m:256:4
[33m  
  [33mExpected "}" but found "currentState"[33m
  254|          email: session.user.email
  255|  
  256|      currentState.user = {
     |      ^
  257|        id: session.user.id,
  258|        email: session.user.email!,
  [39m
[2m2:11:07 AM[22m [31m[1m[vite][22m[39m [31mInternal server error: Transform failed with 1 error:
C:/Users/shnit/OneDrive/Desktop/Digital Publishing Platform/src/app/store/useStore.ts:256:4: ERROR: Expected "}" but found "currentState"[39m
  Plugin: [35mvite:esbuild[39m
  File: [36mC:/Users/shnit/OneDrive/Desktop/Digital Publishing Platform/src/app/store/useStore.ts[39m:256:4
[33m  
  [33mExpected "}" but found "currentState"[33m
  254|          email: session.user.email
  255|  
  256|      currentState.user = {
     |      ^
  257|        id: session.user.id,
  258|        email: session.user.email!,
  [39m
      at failureErrorWithLog (C:\Users\shnit\OneDrive\Desktop\Digital Publishing Platform\node_modules\esbuild\lib\main.js:1467:15)
      at C:\Users\shnit\OneDrive\Desktop\Digital Publishing Platform\node_modules\esbuild\lib\main.js:736:50
      at responseCallbacks.<computed> (C:\Users\shnit\OneDrive\Desktop\Digital Publishing Platform\node_modules\esbuild\lib\main.js:603:9)
      at handleIncomingPacket (C:\Users\shnit\OneDrive\Desktop\Digital Publishing Platform\node_modules\esbuild\lib\main.js:658:12)
      at Socket.readFromStdout (C:\Users\shnit\OneDrive\Desktop\Digital Publishing Platform\node_modules\esbuild\lib\main.js:581:7)
      at Socket.emit (node:events:508:28)
      at addChunk (node:internal/streams/readable:563:12)
      at readableAddChunkPushByteMode (node:internal/streams/readable:514:3)
      at Readable.push (node:internal/streams/readable:394:5)
      at Pipe.onStreamRead (node:internal/stream_base_commons:189:23)
[2m2:11:07 AM[22m [31m[1m[vite][22m[39m [31m[2m(client)[22m[39m Pre-transform error: Transform failed with 1 error:
C:/Users/shnit/OneDrive/Desktop/Digital Publishing Platform/src/app/store/useStore.ts:256:4: ERROR: Expected "}" but found "currentState"
  Plugin: [35mvite:esbuild[39m
  File: [36mC:/Users/shnit/OneDrive/Desktop/Digital Publishing Platform/src/app/store/useStore.ts[39m:256:4
[33m  
  [33mExpected "}" but found "currentState"[33m
  254|          email: session.user.email
  255|  
  256|      currentState.user = {
     |      ^
  257|        id: session.user.id,
  258|        email: session.user.email!,
  [39m
[2m2:11:07 AM[22m [31m[1m[vite][22m[39m [31m[2m(client)[22m[39m Pre-transform error: Transform failed with 1 error:
C:/Users/shnit/OneDrive/Desktop/Digital Publishing Platform/src/app/store/useStore.ts:256:4: ERROR: Expected "}" but found "currentState"
  Plugin: [35mvite:esbuild[39m
  File: [36mC:/Users/shnit/OneDrive/Desktop/Digital Publishing Platform/src/app/store/useStore.ts[39m:256:4
[33m  
  [33mExpected "}" but found "currentState"[33m
  254|          email: session.user.email
  255|  
  256|      currentState.user = {
     |      ^
  257|        id: session.user.id,
  258|        email: session.user.email!,
  [39m
[33m[vite:css][postcss] @import must precede all other statements (besides @charset or empty @layer)
7664|    initial-value: 0;
7665|  }
7666|  @import url('https://fonts.googleapis.com/css2?family=Inter:wght@400;500;600;700;800;900&family=Hind+Siliguri:wght@400;500;600;700&display=swap');
   |  ^^^^^^^^^^^^^^^^^^^^^^^^^^^^^^^^^^^^^^^^^^^^^^^^^^^^^^^^^^^^^^^^^^^^^^^^^^^^^^^^^^^^^^^^^^^^^^^^^^^^^^^^^^^^^^^^^^^^^^^^^^^^^^^^^^^^^^^^^^^^^^^^^^
7667|  :root {
7668|    --font-size: 16px;[39m
[33m[vite:css][postcss] @import must precede all other statements (besides @charset or empty @layer)
7664|    initial-value: 0;
7665|  }
7666|  @import url('https://fonts.googleapis.com/css2?family=Inter:wght@400;500;600;700;800;900&family=Hind+Siliguri:wght@400;500;600;700&display=swap');
   |  ^^^^^^^^^^^^^^^^^^^^^^^^^^^^^^^^^^^^^^^^^^^^^^^^^^^^^^^^^^^^^^^^^^^^^^^^^^^^^^^^^^^^^^^^^^^^^^^^^^^^^^^^^^^^^^^^^^^^^^^^^^^^^^^^^^^^^^^^^^^^^^^^^^
7667|  :root {
7668|    --font-size: 16px;[39m
[33m[vite:css][postcss] @import must precede all other statements (besides @charset or empty @layer)
7664|    initial-value: 0;
7665|  }
7666|  @import url('https://fonts.googleapis.com/css2?family=Inter:wght@400;500;600;700;800;900&family=Hind+Siliguri:wght@400;500;600;700&display=swap');
   |  ^^^^^^^^^^^^^^^^^^^^^^^^^^^^^^^^^^^^^^^^^^^^^^^^^^^^^^^^^^^^^^^^^^^^^^^^^^^^^^^^^^^^^^^^^^^^^^^^^^^^^^^^^^^^^^^^^^^^^^^^^^^^^^^^^^^^^^^^^^^^^^^^^^
7667|  :root {
7668|    --font-size: 16px;[39m
[33m[vite:css][postcss] @import must precede all other statements (besides @charset or empty @layer)
7670|    initial-value: 0;
7671|  }
7672|  @import url('https://fonts.googleapis.com/css2?family=Inter:wght@400;500;600;700;800;900&family=Hind+Siliguri:wght@400;500;600;700&display=swap');
   |  ^^^^^^^^^^^^^^^^^^^^^^^^^^^^^^^^^^^^^^^^^^^^^^^^^^^^^^^^^^^^^^^^^^^^^^^^^^^^^^^^^^^^^^^^^^^^^^^^^^^^^^^^^^^^^^^^^^^^^^^^^^^^^^^^^^^^^^^^^^^^^^^^^^
7673|  :root {
7674|    --font-size: 16px;[39m
[33m[vite:css][postcss] @import must precede all other statements (besides @charset or empty @layer)
7816|    initial-value: 0;
7817|  }
7818|  @import url('https://fonts.googleapis.com/css2?family=Inter:wght@400;500;600;700;800;900&family=Hind+Siliguri:wght@400;500;600;700&display=swap');
   |  ^^^^^^^^^^^^^^^^^^^^^^^^^^^^^^^^^^^^^^^^^^^^^^^^^^^^^^^^^^^^^^^^^^^^^^^^^^^^^^^^^^^^^^^^^^^^^^^^^^^^^^^^^^^^^^^^^^^^^^^^^^^^^^^^^^^^^^^^^^^^^^^^^^
7819|  :root {
7820|    --font-size: 16px;[39m
[33m[vite:css][postcss] @import must precede all other statements (besides @charset or empty @layer)
7816|    initial-value: 0;
7817|  }
7818|  @import url('https://fonts.googleapis.com/css2?family=Inter:wght@400;500;600;700;800;900&family=Hind+Siliguri:wght@400;500;600;700&display=swap');
   |  ^^^^^^^^^^^^^^^^^^^^^^^^^^^^^^^^^^^^^^^^^^^^^^^^^^^^^^^^^^^^^^^^^^^^^^^^^^^^^^^^^^^^^^^^^^^^^^^^^^^^^^^^^^^^^^^^^^^^^^^^^^^^^^^^^^^^^^^^^^^^^^^^^^
7819|  :root {
7820|    --font-size: 16px;[39m
[33m[vite:css][postcss] @import must precede all other statements (besides @charset or empty @layer)
7819|    initial-value: 0;
7820|  }
7821|  @import url('https://fonts.googleapis.com/css2?family=Inter:wght@400;500;600;700;800;900&family=Hind+Siliguri:wght@400;500;600;700&display=swap');
   |  ^^^^^^^^^^^^^^^^^^^^^^^^^^^^^^^^^^^^^^^^^^^^^^^^^^^^^^^^^^^^^^^^^^^^^^^^^^^^^^^^^^^^^^^^^^^^^^^^^^^^^^^^^^^^^^^^^^^^^^^^^^^^^^^^^^^^^^^^^^^^^^^^^^
7822|  :root {
7823|    --font-size: 16px;[39m
[33m[vite:css][postcss] @import must precede all other statements (besides @charset or empty @layer)
7838|    initial-value: 0;
7839|  }
7840|  @import url('https://fonts.googleapis.com/css2?family=Inter:wght@400;500;600;700;800;900&family=Hind+Siliguri:wght@400;500;600;700&display=swap');
   |  ^^^^^^^^^^^^^^^^^^^^^^^^^^^^^^^^^^^^^^^^^^^^^^^^^^^^^^^^^^^^^^^^^^^^^^^^^^^^^^^^^^^^^^^^^^^^^^^^^^^^^^^^^^^^^^^^^^^^^^^^^^^^^^^^^^^^^^^^^^^^^^^^^^
7841|  :root {
7842|    --font-size: 16px;[39m
[33m[vite:css][postcss] @import must precede all other statements (besides @charset or empty @layer)
7838|    initial-value: 0;
7839|  }
7840|  @import url('https://fonts.googleapis.com/css2?family=Inter:wght@400;500;600;700;800;900&family=Hind+Siliguri:wght@400;500;600;700&display=swap');
   |  ^^^^^^^^^^^^^^^^^^^^^^^^^^^^^^^^^^^^^^^^^^^^^^^^^^^^^^^^^^^^^^^^^^^^^^^^^^^^^^^^^^^^^^^^^^^^^^^^^^^^^^^^^^^^^^^^^^^^^^^^^^^^^^^^^^^^^^^^^^^^^^^^^^
7841|  :root {
7842|    --font-size: 16px;[39m
[33m[vite:css][postcss] @import must precede all other statements (besides @charset or empty @layer)
7838|    initial-value: 0;
7839|  }
7840|  @import url('https://fonts.googleapis.com/css2?family=Inter:wght@400;500;600;700;800;900&family=Hind+Siliguri:wght@400;500;600;700&display=swap');
   |  ^^^^^^^^^^^^^^^^^^^^^^^^^^^^^^^^^^^^^^^^^^^^^^^^^^^^^^^^^^^^^^^^^^^^^^^^^^^^^^^^^^^^^^^^^^^^^^^^^^^^^^^^^^^^^^^^^^^^^^^^^^^^^^^^^^^^^^^^^^^^^^^^^^
7841|  :root {
7842|    --font-size: 16px;[39m
[33m[vite:css][postcss] @import must precede all other statements (besides @charset or empty @layer)
7838|    initial-value: 0;
7839|  }
7840|  @import url('https://fonts.googleapis.com/css2?family=Inter:wght@400;500;600;700;800;900&family=Hind+Siliguri:wght@400;500;600;700&display=swap');
   |  ^^^^^^^^^^^^^^^^^^^^^^^^^^^^^^^^^^^^^^^^^^^^^^^^^^^^^^^^^^^^^^^^^^^^^^^^^^^^^^^^^^^^^^^^^^^^^^^^^^^^^^^^^^^^^^^^^^^^^^^^^^^^^^^^^^^^^^^^^^^^^^^^^^
7841|  :root {
7842|    --font-size: 16px;[39m
[33m[vite:css][postcss] @import must precede all other statements (besides @charset or empty @layer)
7838|    initial-value: 0;
7839|  }
7840|  @import url('https://fonts.googleapis.com/css2?family=Inter:wght@400;500;600;700;800;900&family=Hind+Siliguri:wght@400;500;600;700&display=swap');
   |  ^^^^^^^^^^^^^^^^^^^^^^^^^^^^^^^^^^^^^^^^^^^^^^^^^^^^^^^^^^^^^^^^^^^^^^^^^^^^^^^^^^^^^^^^^^^^^^^^^^^^^^^^^^^^^^^^^^^^^^^^^^^^^^^^^^^^^^^^^^^^^^^^^^
7841|  :root {
7842|    --font-size: 16px;[39m
[33m[vite:css][postcss] @import must precede all other statements (besides @charset or empty @layer)
7838|    initial-value: 0;
7839|  }
7840|  @import url('https://fonts.googleapis.com/css2?family=Inter:wght@400;500;600;700;800;900&family=Hind+Siliguri:wght@400;500;600;700&display=swap');
   |  ^^^^^^^^^^^^^^^^^^^^^^^^^^^^^^^^^^^^^^^^^^^^^^^^^^^^^^^^^^^^^^^^^^^^^^^^^^^^^^^^^^^^^^^^^^^^^^^^^^^^^^^^^^^^^^^^^^^^^^^^^^^^^^^^^^^^^^^^^^^^^^^^^^
7841|  :root {
7842|    --font-size: 16px;[39m
[33m[vite:css][postcss] @import must precede all other statements (besides @charset or empty @layer)
7838|    initial-value: 0;
7839|  }
7840|  @import url('https://fonts.googleapis.com/css2?family=Inter:wght@400;500;600;700;800;900&family=Hind+Siliguri:wght@400;500;600;700&display=swap');
   |  ^^^^^^^^^^^^^^^^^^^^^^^^^^^^^^^^^^^^^^^^^^^^^^^^^^^^^^^^^^^^^^^^^^^^^^^^^^^^^^^^^^^^^^^^^^^^^^^^^^^^^^^^^^^^^^^^^^^^^^^^^^^^^^^^^^^^^^^^^^^^^^^^^^
7841|  :root {
7842|    --font-size: 16px;[39m
[33m[vite:css][postcss] @import must precede all other statements (besides @charset or empty @layer)
7838|    initial-value: 0;
7839|  }
7840|  @import url('https://fonts.googleapis.com/css2?family=Inter:wght@400;500;600;700;800;900&family=Hind+Siliguri:wght@400;500;600;700&display=swap');
   |  ^^^^^^^^^^^^^^^^^^^^^^^^^^^^^^^^^^^^^^^^^^^^^^^^^^^^^^^^^^^^^^^^^^^^^^^^^^^^^^^^^^^^^^^^^^^^^^^^^^^^^^^^^^^^^^^^^^^^^^^^^^^^^^^^^^^^^^^^^^^^^^^^^^
7841|  :root {
7842|    --font-size: 16px;[39m
[33m[vite:css][postcss] @import must precede all other statements (besides @charset or empty @layer)
7868|    initial-value: 0;
7869|  }
7870|  @import url('https://fonts.googleapis.com/css2?family=Inter:wght@400;500;600;700;800;900&family=Hind+Siliguri:wght@400;500;600;700&display=swap');
   |  ^^^^^^^^^^^^^^^^^^^^^^^^^^^^^^^^^^^^^^^^^^^^^^^^^^^^^^^^^^^^^^^^^^^^^^^^^^^^^^^^^^^^^^^^^^^^^^^^^^^^^^^^^^^^^^^^^^^^^^^^^^^^^^^^^^^^^^^^^^^^^^^^^^
7871|  :root {
7872|    --font-size: 16px;[39m
[33m[vite:css][postcss] @import must precede all other statements (besides @charset or empty @layer)
7868|    initial-value: 0;
7869|  }
7870|  @import url('https://fonts.googleapis.com/css2?family=Inter:wght@400;500;600;700;800;900&family=Hind+Siliguri:wght@400;500;600;700&display=swap');
   |  ^^^^^^^^^^^^^^^^^^^^^^^^^^^^^^^^^^^^^^^^^^^^^^^^^^^^^^^^^^^^^^^^^^^^^^^^^^^^^^^^^^^^^^^^^^^^^^^^^^^^^^^^^^^^^^^^^^^^^^^^^^^^^^^^^^^^^^^^^^^^^^^^^^
7871|  :root {
7872|    --font-size: 16px;[39m
[33m[vite:css][postcss] @import must precede all other statements (besides @charset or empty @layer)
7868|    initial-value: 0;
7869|  }
7870|  @import url('https://fonts.googleapis.com/css2?family=Inter:wght@400;500;600;700;800;900&family=Hind+Siliguri:wght@400;500;600;700&display=swap');
   |  ^^^^^^^^^^^^^^^^^^^^^^^^^^^^^^^^^^^^^^^^^^^^^^^^^^^^^^^^^^^^^^^^^^^^^^^^^^^^^^^^^^^^^^^^^^^^^^^^^^^^^^^^^^^^^^^^^^^^^^^^^^^^^^^^^^^^^^^^^^^^^^^^^^
7871|  :root {
7872|    --font-size: 16px;[39m
[33m[vite:css][postcss] @import must precede all other statements (besides @charset or empty @layer)
7868|    initial-value: 0;
7869|  }
7870|  @import url('https://fonts.googleapis.com/css2?family=Inter:wght@400;500;600;700;800;900&family=Hind+Siliguri:wght@400;500;600;700&display=swap');
   |  ^^^^^^^^^^^^^^^^^^^^^^^^^^^^^^^^^^^^^^^^^^^^^^^^^^^^^^^^^^^^^^^^^^^^^^^^^^^^^^^^^^^^^^^^^^^^^^^^^^^^^^^^^^^^^^^^^^^^^^^^^^^^^^^^^^^^^^^^^^^^^^^^^^
7871|  :root {
7872|    --font-size: 16px;[39m
[33m[vite:css][postcss] @import must precede all other statements (besides @charset or empty @layer)
7868|    initial-value: 0;
7869|  }
7870|  @import url('https://fonts.googleapis.com/css2?family=Inter:wght@400;500;600;700;800;900&family=Hind+Siliguri:wght@400;500;600;700&display=swap');
   |  ^^^^^^^^^^^^^^^^^^^^^^^^^^^^^^^^^^^^^^^^^^^^^^^^^^^^^^^^^^^^^^^^^^^^^^^^^^^^^^^^^^^^^^^^^^^^^^^^^^^^^^^^^^^^^^^^^^^^^^^^^^^^^^^^^^^^^^^^^^^^^^^^^^
7871|  :root {
7872|    --font-size: 16px;[39m
[33m[vite:css][postcss] @import must precede all other statements (besides @charset or empty @layer)
7892|    initial-value: 0;
7893|  }
7894|  @import url('https://fonts.googleapis.com/css2?family=Inter:wght@400;500;600;700;800;900&family=Hind+Siliguri:wght@400;500;600;700&display=swap');
   |  ^^^^^^^^^^^^^^^^^^^^^^^^^^^^^^^^^^^^^^^^^^^^^^^^^^^^^^^^^^^^^^^^^^^^^^^^^^^^^^^^^^^^^^^^^^^^^^^^^^^^^^^^^^^^^^^^^^^^^^^^^^^^^^^^^^^^^^^^^^^^^^^^^^
7895|  :root {
7896|    --font-size: 16px;[39m
[33m[vite:css][postcss] @import must precede all other statements (besides @charset or empty @layer)
7937|    initial-value: 0;
7938|  }
7939|  @import url('https://fonts.googleapis.com/css2?family=Inter:wght@400;500;600;700;800;900&family=Hind+Siliguri:wght@400;500;600;700&display=swap');
   |  ^^^^^^^^^^^^^^^^^^^^^^^^^^^^^^^^^^^^^^^^^^^^^^^^^^^^^^^^^^^^^^^^^^^^^^^^^^^^^^^^^^^^^^^^^^^^^^^^^^^^^^^^^^^^^^^^^^^^^^^^^^^^^^^^^^^^^^^^^^^^^^^^^^
7940|  :root {
7941|    --font-size: 16px;[39m
