
> @figma/my-make-file@0.0.1 dev
> vite --host 127.0.0.1 --port 5175


  [32m[1mVITE[22m v6.3.5[39m  [2mready in [0m[1m353[22m[2m[0m ms[22m

  [32m➜[39m  [1mLocal[22m:   [36mhttp://127.0.0.1:[1m5175[22m/[39m
[2m10:46:33 PM[22m [36m[1m[vite][22m[39m [90m[2m(client)[22m[39m [32mhmr update [39m[2m/src/app/layouts/RootLayout.tsx, /src/styles/index.css[22m
[2m10:46:39 PM[22m [36m[1m[vite][22m[39m [90m[2m(client)[22m[39m [32mhmr update [39m[2m/src/app/pages/CheckoutPage.tsx, /src/styles/index.css[22m
[2m12:15:49 AM[22m [36m[1m[vite][22m[39m [90m[2m(client)[22m[39m [32mhmr update [39m[2m/src/app/pages/WriterRegistrationPage.tsx, /src/styles/index.css[22m
[2m12:16:01 AM[22m [36m[1m[vite][22m[39m [90m[2m(client)[22m[39m [32mhmr update [39m[2m/src/app/pages/CheckoutPage.tsx, /src/styles/index.css[22m
[2m12:16:10 AM[22m [36m[1m[vite][22m[39m [90m[2m(client)[22m[39m [32m✨ new dependencies optimized: [33mcanvas-confetti[32m[39m
[2m12:16:10 AM[22m [36m[1m[vite][22m[39m [90m[2m(client)[22m[39m [32m✨ optimized dependencies changed. reloading[39m
[2m12:16:20 AM[22m [36m[1m[vite][22m[39m [90m[2m(client)[22m[39m [32mhmr update [39m[2m/src/app/pages/CheckoutPage.tsx, /src/styles/index.css[22m
[2m12:16:32 AM[22m [36m[1m[vite][22m[39m [90m[2m(client)[22m[39m [32mhmr update [39m[2m/src/app/pages/AuthorDashboardPage.tsx, /src/styles/index.css[22m
[2m12:25:17 AM[22m [36m[1m[vite][22m[39m [90m[2m(client)[22m[39m [32mhmr update [39m[2m/src/app/pages/HomePage_Premium.tsx, /src/styles/index.css[22m
[2m12:26:17 AM[22m [36m[1m[vite][22m[39m [90m[2m(client)[22m[39m [32mhmr update [39m[2m/@fs/C:\Users\shnit\OneDrive\Desktop\Digital Publishing Platform\src\app\components\Navbar.tsx, /src/styles/index.css[22m
[2m12:36:34 AM[22m [36m[1m[vite][22m[39m [90m[2m(client)[22m[39m [32mhmr update [39m[2m/src/app/pages/AuthorDashboardPage.tsx, /src/styles/index.css[22m
[2m12:40:43 AM[22m [36m[1m[vite][22m[39m [90m[2m(client)[22m[39m [32mhmr update [39m[2m/src/app/pages/HomePage_Premium.tsx, /src/styles/index.css[22m
[2m12:47:46 AM[22m [36m[1m[vite][22m[39m [90m[2m(client)[22m[39m [32mhmr update [39m[2m/@fs/C:\Users\shnit\OneDrive\Desktop\Digital Publishing Platform\src\app\components\Footer.tsx, /src/styles/index.css[22m
[2m12:48:14 AM[22m [36m[1m[vite][22m[39m [90m[2m(client)[22m[39m [32mhmr update [39m[2m/src/app/pages/ContentPages.tsx, /src/styles/index.css[22m
[2m12:48:35 AM[22m [36m[1m[vite][22m[39m [90m[2m(client)[22m[39m [32mhmr update [39m[2m/@fs/C:\Users\shnit\OneDrive\Desktop\Digital Publishing Platform\src\app\components\Navbar.tsx, /src/styles/index.css[22m
[2m12:52:57 AM[22m [36m[1m[vite][22m[39m [90m[2m(client)[22m[39m [32mhmr update [39m[2m/src/app/pages/HomePage_Premium.tsx, /src/styles/index.css[22m
[2m12:56:43 AM[22m [36m[1m[vite][22m[39m [90m[2m(client)[22m[39m [32mhmr update [39m[2m/src/app/pages/HomePage_Premium.tsx, /src/styles/index.css[22m
[2m1:04:43 AM[22m [36m[1m[vite][22m[39m [90m[2m(client)[22m[39m [32mhmr update [39m[2m/src/app/pages/HomePage_Premium.tsx, /src/styles/index.css[22m
[2m1:07:42 AM[22m [36m[1m[vite][22m[39m [90m[2m(client)[22m[39m [32mhmr update [39m[2m/@fs/C:\Users\shnit\OneDrive\Desktop\Digital Publishing Platform\src\app\components\Navbar.tsx, /src/styles/index.css[22m
[2m1:09:56 AM[22m [36m[1m[vite][22m[39m [90m[2m(client)[22m[39m [32mpage reload [39m[2mdigital_prokashoni_subscriptions_plan_redesigned.html[22m
[2m1:14:10 AM[22m [36m[1m[vite][22m[39m [90m[2m(client)[22m[39m [32mhmr update [39m[2m/src/app/pages/CheckoutPage.tsx, /src/styles/index.css[22m
[2m1:19:57 AM[22m [36m[1m[vite][22m[39m [90m[2m(client)[22m[39m [32mpage reload [39m[2mdigital_prokashoni_subscriptions_plan_redesigned.html[22m
[2m1:25:34 AM[22m [36m[1m[vite][22m[39m [90m[2m(client)[22m[39m [32mhmr update [39m[2m/@fs/C:\Users\shnit\OneDrive\Desktop\Digital Publishing Platform\src\app\components\Navbar.tsx, /src/styles/index.css[22m
[2m1:31:38 AM[22m [36m[1m[vite][22m[39m [90m[2m(client)[22m[39m [32mhmr update [39m[2m/src/styles/index.css, /src/app/pages/AuthorPage.tsx, /src/app/pages/BookDetailPage.tsx, /src/app/pages/CheckoutPage.tsx, /src/app/pages/BrowsePage.tsx, /src/app/pages/HomePage_Premium.tsx, /src/app/pages/AuthorDashboardPage.tsx, /src/app/pages/WriterRegistrationPage.tsx, /src/app/pages/AdminDashboardPage.tsx, /@fs/C:\Users\shnit\OneDrive\Desktop\Digital Publishing Platform\src\app\components\Navbar.tsx, /@fs/C:\Users\shnit\OneDrive\Desktop\Digital Publishing Platform\src\app\components\BookCard.tsx[22m
[2m1:33:25 AM[22m [36m[1m[vite][22m[39m [90m[2m(client)[22m[39m [32mhmr update [39m[2m/src/styles/index.css, /src/app/pages/AuthorPage.tsx, /src/app/pages/BookDetailPage.tsx, /src/app/pages/CheckoutPage.tsx, /src/app/pages/BrowsePage.tsx, /src/app/pages/HomePage_Premium.tsx, /src/app/pages/AuthorDashboardPage.tsx, /src/app/pages/WriterRegistrationPage.tsx, /src/app/pages/AdminDashboardPage.tsx, /@fs/C:\Users\shnit\OneDrive\Desktop\Digital Publishing Platform\src\app\components\Navbar.tsx, /@fs/C:\Users\shnit\OneDrive\Desktop\Digital Publishing Platform\src\app\components\BookCard.tsx[22m
[2m1:35:56 AM[22m [36m[1m[vite][22m[39m [90m[2m(client)[22m[39m [32mhmr update [39m[2m/src/app/pages/HomePage_Premium.tsx, /src/styles/index.css[22m
[2m1:36:22 AM[22m [36m[1m[vite][22m[39m [90m[2m(client)[22m[39m [32mhmr update [39m[2m/src/app/pages/WriterRegistrationPage.tsx, /src/styles/index.css[22m
[2m1:36:48 AM[22m [36m[1m[vite][22m[39m [90m[2m(client)[22m[39m [32mpage reload [39m[2msrc/app/pages/WriterDashboardPage.tsx[22m
[2m2:09:51 AM[22m [36m[1m[vite][22m[39m [90m[2m(client)[22m[39m [32mhmr update [39m[2m/src/styles/index.css, /src/app/pages/AuthorPage.tsx, /src/app/pages/BookDetailPage.tsx, /src/app/pages/CheckoutPage.tsx, /src/app/pages/BrowsePage.tsx, /src/app/pages/HomePage_Premium.tsx, /src/app/pages/AuthorDashboardPage.tsx, /src/app/pages/WriterRegistrationPage.tsx, /src/app/pages/AdminDashboardPage.tsx, /@fs/C:\Users\shnit\OneDrive\Desktop\Digital Publishing Platform\src\app\components\Navbar.tsx, /@fs/C:\Users\shnit\OneDrive\Desktop\Digital Publishing Platform\src\app\components\BookCard.tsx[22m
[2m2:11:06 AM[22m [36m[1m[vite][22m[39m [90m[2m(client)[22m[39m [32mhmr update [39m[2m/src/styles/index.css, /src/app/pages/AuthorPage.tsx, /src/app/pages/BookDetailPage.tsx, /src/app/pages/CheckoutPage.tsx, /src/app/pages/BrowsePage.tsx, /src/app/pages/HomePage_Premium.tsx, /src/app/pages/AuthorDashboardPage.tsx, /src/app/pages/WriterRegistrationPage.tsx, /src/app/pages/AdminDashboardPage.tsx, /@fs/C:\Users\shnit\OneDrive\Desktop\Digital Publishing Platform\src\app\components\Navbar.tsx, /@fs/C:\Users\shnit\OneDrive\Desktop\Digital Publishing Platform\src\app\components\BookCard.tsx[22m
[2m2:11:43 AM[22m [36m[1m[vite][22m[39m [90m[2m(client)[22m[39m [32mhmr update [39m[2m/src/styles/index.css, /src/app/pages/AuthorPage.tsx, /src/app/pages/BookDetailPage.tsx, /src/app/pages/CheckoutPage.tsx, /src/app/pages/BrowsePage.tsx, /src/app/pages/HomePage_Premium.tsx, /src/app/pages/AuthorDashboardPage.tsx, /src/app/pages/WriterRegistrationPage.tsx, /src/app/pages/AdminDashboardPage.tsx, /@fs/C:\Users\shnit\OneDrive\Desktop\Digital Publishing Platform\src\app\components\Navbar.tsx, /@fs/C:\Users\shnit\OneDrive\Desktop\Digital Publishing Platform\src\app\components\BookCard.tsx[22m
[2m2:11:51 AM[22m [36m[1m[vite][22m[39m [90m[2m(client)[22m[39m [32mhmr update [39m[2m/src/app/pages/CheckoutPage.tsx, /src/styles/index.css[22m
[2m2:11:58 AM[22m [36m[1m[vite][22m[39m [90m[2m(client)[22m[39m [32mhmr update [39m[2m/src/app/pages/CheckoutPage.tsx, /src/styles/index.css[22m
[2m2:12:28 AM[22m [36m[1m[vite][22m[39m [90m[2m(client)[22m[39m [32mhmr update [39m[2m/src/app/pages/AdminDashboardPage.tsx, /src/styles/index.css[22m
[2m2:15:27 AM[22m [36m[1m[vite][22m[39m [90m[2m(client)[22m[39m [32mhmr update [39m[2m/src/app/App.tsx, /src/styles/index.css[22m
[2m2:15:58 AM[22m [36m[1m[vite][22m[39m [90m[2m(client)[22m[39m [32mhmr update [39m[2m/@fs/C:\Users\shnit\OneDrive\Desktop\Digital Publishing Platform\src\app\components\Navbar.tsx, /src/styles/index.css[22m
[2m2:16:24 AM[22m [36m[1m[vite][22m[39m [90m[2m(client)[22m[39m [32mhmr update [39m[2m/@fs/C:\Users\shnit\OneDrive\Desktop\Digital Publishing Platform\src\app\components\Navbar.tsx, /src/styles/index.css[22m
[2m2:16:32 AM[22m [36m[1m[vite][22m[39m [90m[2m(client)[22m[39m [32mhmr update [39m[2m/src/app/pages/BookDetailPage.tsx, /src/styles/index.css[22m
[2m2:17:18 AM[22m [36m[1m[vite][22m[39m [90m[2m(client)[22m[39m [32mhmr update [39m[2m/src/app/pages/HomePage_Premium.tsx, /src/styles/index.css[22m
[2m2:17:24 AM[22m [36m[1m[vite][22m[39m [90m[2m(client)[22m[39m [32mhmr update [39m[2m/src/app/pages/HomePage_Premium.tsx, /src/styles/index.css[22m
[2m2:17:35 AM[22m [36m[1m[vite][22m[39m [90m[2m(client)[22m[39m [32mhmr update [39m[2m/src/app/pages/BrowsePage.tsx, /src/styles/index.css[22m
[2m2:17:41 AM[22m [36m[1m[vite][22m[39m [90m[2m(client)[22m[39m [32mhmr update [39m[2m/src/app/pages/BookDetailPage.tsx, /src/styles/index.css[22m
[2m2:17:47 AM[22m [36m[1m[vite][22m[39m [90m[2m(client)[22m[39m [32mhmr update [39m[2m/src/app/pages/BookDetailPage.tsx, /src/styles/index.css[22m
[2m2:17:58 AM[22m [36m[1m[vite][22m[39m [90m[2m(client)[22m[39m [32mhmr update [39m[2m/src/app/pages/AuthorPage.tsx, /src/styles/index.css[22m
[2m2:18:02 AM[22m [36m[1m[vite][22m[39m [90m[2m(client)[22m[39m [32mhmr update [39m[2m/src/app/pages/AuthorPage.tsx, /src/styles/index.css[22m
[2m2:21:08 AM[22m [36m[1m[vite][22m[39m [90m[2m(client)[22m[39m [32mpage reload [39m[2msrc/main.tsx[22m
[2m2:21:16 AM[22m [36m[1m[vite][22m[39m [90m[2m(client)[22m[39m [32mhmr update [39m[2m/src/app/pages/BrowsePage.tsx, /src/styles/index.css[22m
[2m2:21:26 AM[22m [36m[1m[vite][22m[39m [90m[2m(client)[22m[39m [32mhmr update [39m[2m/src/app/pages/BrowsePage.tsx, /src/styles/index.css[22m
[2m2:21:34 AM[22m [36m[1m[vite][22m[39m [90m[2m(client)[22m[39m [32mhmr update [39m[2m/src/app/pages/LibraryPage.tsx, /src/styles/index.css[22m
[2m2:21:48 AM[22m [36m[1m[vite][22m[39m [90m[2m(client)[22m[39m [32mhmr update [39m[2m/src/app/pages/LibraryPage.tsx, /src/styles/index.css[22m
[2m2:22:02 AM[22m [36m[1m[vite][22m[39m [90m[2m(client)[22m[39m [32mhmr update [39m[2m/src/app/pages/ErrorPage.tsx, /src/styles/index.css[22m
[2m2:22:15 AM[22m [36m[1m[vite][22m[39m [90m[2m(client)[22m[39m [32mhmr update [39m[2m/src/app/pages/NotFoundPage.tsx, /src/styles/index.css[22m
[2m2:24:35 AM[22m [36m[1m[vite][22m[39m [90m[2m(client)[22m[39m [32mhmr update [39m[2m/src/app/components/ErrorBoundary.tsx, /src/styles/index.css[22m
[2m2:25:48 AM[22m [36m[1m[vite][22m[39m [90m[2m(client)[22m[39m [32mhmr update [39m[2m/src/app/components/ErrorBoundary.tsx, /src/styles/index.css[22m
[2m2:26:10 AM[22m [36m[1m[vite][22m[39m [90m[2m(client)[22m[39m [32mpage reload [39m[2msrc/main.tsx[22m
[2m2:26:20 AM[22m [36m[1m[vite][22m[39m [90m[2m(client)[22m[39m [32mhmr update [39m[2m/@fs/C:\Users\shnit\OneDrive\Desktop\Digital Publishing Platform\src\app\components\Skeleton.tsx, /src/styles/index.css[22m
[2m2:26:27 AM[22m [36m[1m[vite][22m[39m [90m[2m(client)[22m[39m [32mhmr update [39m[2m/src/styles/index.css[22m
[2m2:26:45 AM[22m [36m[1m[vite][22m[39m [90m[2m(client)[22m[39m [32mhmr update [39m[2m/src/app/pages/ReaderPage.tsx, /src/styles/index.css[22m
[2m2:26:55 AM[22m [36m[1m[vite][22m[39m [90m[2m(client)[22m[39m [32mhmr update [39m[2m/src/app/pages/ReaderPage.tsx, /src/styles/index.css[22m
[2m2:27:09 AM[22m [36m[1m[vite][22m[39m [90m[2m(client)[22m[39m [32mhmr update [39m[2m/src/app/pages/LibraryPage.tsx, /src/styles/index.css[22m
[2m2:27:35 AM[22m [36m[1m[vite][22m[39m [90m[2m(client)[22m[39m [32mhmr update [39m[2m/src/app/pages/BrowsePage.tsx, /src/styles/index.css[22m
[2m2:28:03 AM[22m [36m[1m[vite][22m[39m [90m[2m(client)[22m[39m [32mhmr update [39m[2m/src/app/pages/HomePage_Premium.tsx, /src/styles/index.css[22m
[2m2:28:55 AM[22m [36m[1m[vite][22m[39m [90m[2m(client)[22m[39m [32mhmr update [39m[2m/@fs/C:\Users\shnit\OneDrive\Desktop\Digital Publishing Platform\src\app\components\Navbar.tsx, /src/styles/index.css[22m
[2m2:29:20 AM[22m [36m[1m[vite][22m[39m [90m[2m(client)[22m[39m [32mhmr update [39m[2m/@fs/C:\Users\shnit\OneDrive\Desktop\Digital Publishing Platform\src\app\components\Navbar.tsx, /src/styles/index.css[22m
[2m2:31:48 AM[22m [36m[1m[vite][22m[39m [90m[2m(client)[22m[39m [32mhmr update [39m[2m/src/app/pages/ErrorPage.tsx, /src/styles/index.css[22m
[2m2:37:57 AM[22m [36m[1m[vite][22m[39m [90m[2m(client)[22m[39m [32mhmr update [39m[2m/src/app/pages/BookDetailPage.tsx, /src/styles/index.css[22m
[2m2:38:08 AM[22m [36m[1m[vite][22m[39m [90m[2m(client)[22m[39m [32mhmr update [39m[2m/src/app/pages/BookDetailPage.tsx, /src/styles/index.css[22m
[2m2:38:13 AM[22m [36m[1m[vite][22m[39m [90m[2m(client)[22m[39m [32mhmr update [39m[2m/src/app/pages/BookDetailPage.tsx, /src/styles/index.css[22m
[2m2:38:59 AM[22m [36m[1m[vite][22m[39m [90m[2m(client)[22m[39m [32mhmr update [39m[2m/src/app/pages/WriterRegistrationPage.tsx, /src/styles/index.css[22m
[2m2:39:23 AM[22m [36m[1m[vite][22m[39m [90m[2m(client)[22m[39m [32mpage reload [39m[2msrc/app/pages/WriterDashboardPage.tsx[22m
[2m2:40:04 AM[22m [36m[1m[vite][22m[39m [90m[2m(client)[22m[39m [32mhmr update [39m[2m/src/app/pages/CheckoutPage.tsx, /src/styles/index.css[22m
[2m2:40:28 AM[22m [36m[1m[vite][22m[39m [90m[2m(client)[22m[39m [32mhmr update [39m[2m/src/app/pages/AuthorPage.tsx, /src/styles/index.css[22m
[2m2:40:40 AM[22m [36m[1m[vite][22m[39m [90m[2m(client)[22m[39m [32mhmr update [39m[2m/src/app/pages/NotFoundPage.tsx, /src/styles/index.css[22m
[2m2:41:49 AM[22m [36m[1m[vite][22m[39m [90m[2m(client)[22m[39m [32mhmr update [39m[2m/src/app/pages/AuthorDashboardPage.tsx, /src/styles/index.css[22m
[2m2:43:10 AM[22m [36m[1m[vite][22m[39m [90m[2m(client)[22m[39m [32mhmr update [39m[2m/src/app/pages/HomePage_Premium.tsx, /src/styles/index.css[22m
[2m2:43:27 AM[22m [36m[1m[vite][22m[39m [90m[2m(client)[22m[39m [32mhmr update [39m[2m/src/app/pages/AdminDashboardPage.tsx, /src/styles/index.css[22m
[2m2:54:29 AM[22m [36m[1m[vite][22m[39m [90m[2m(client)[22m[39m [32mhmr update [39m[2m/src/app/pages/LibraryPage.tsx, /src/styles/index.css[22m
[2m2:55:55 AM[22m [36m[1m[vite][22m[39m [90m[2m(client)[22m[39m [32mhmr update [39m[2m/src/app/pages/AdminDashboardPage.tsx, /src/styles/index.css[22m
[2m2:59:45 AM[22m [36m[1m[vite][22m[39m [90m[2m(client)[22m[39m [32mhmr update [39m[2m/src/app/pages/ReaderPage.tsx, /src/styles/index.css[22m
[2m3:09:54 AM[22m [36m[1m[vite][22m[39m [90m[2m(client)[22m[39m [32mhmr update [39m[2m/src/styles/index.css, /src/app/pages/AuthorPage.tsx, /src/app/pages/BookDetailPage.tsx, /src/app/pages/CheckoutPage.tsx, /src/app/pages/BrowsePage.tsx, /src/app/pages/HomePage_Premium.tsx, /src/app/pages/AuthorDashboardPage.tsx, /src/app/pages/WriterRegistrationPage.tsx, /src/app/pages/AdminDashboardPage.tsx, /@fs/C:\Users\shnit\OneDrive\Desktop\Digital Publishing Platform\src\app\components\Navbar.tsx, /@fs/C:\Users\shnit\OneDrive\Desktop\Digital Publishing Platform\src\app\components\BookCard.tsx, /src/app/pages/ReaderPage.tsx, /src/app/pages/LibraryPage.tsx[22m
[2m4:34:27 AM[22m [36m[1m[vite][22m[39m [90m[2m(client)[22m[39m [32mhmr update [39m[2m/src/styles/index.css, /src/app/pages/AuthorPage.tsx, /src/app/pages/BookDetailPage.tsx, /src/app/pages/CheckoutPage.tsx, /src/app/pages/BrowsePage.tsx, /src/app/pages/HomePage_Premium.tsx, /src/app/pages/AuthorDashboardPage.tsx, /src/app/pages/WriterRegistrationPage.tsx, /src/app/pages/AdminDashboardPage.tsx, /@fs/C:\Users\shnit\OneDrive\Desktop\Digital Publishing Platform\src\app\components\Navbar.tsx, /@fs/C:\Users\shnit\OneDrive\Desktop\Digital Publishing Platform\src\app\components\BookCard.tsx, /src/app/pages/ReaderPage.tsx, /src/app/pages/LibraryPage.tsx[22m
[2m4:35:52 AM[22m [36m[1m[vite][22m[39m [90m[2m(client)[22m[39m [32mhmr update [39m[2m/src/app/pages/AuthorDashboardPage.tsx, /src/styles/index.css[22m
[2m4:51:06 AM[22m [36m[1m[vite][22m[39m [90m[2m(client)[22m[39m [32mhmr update [39m[2m/src/app/pages/WriterRegistrationPage.tsx, /src/styles/index.css[22m
[2m4:51:19 AM[22m [36m[1m[vite][22m[39m [90m[2m(client)[22m[39m [32mhmr update [39m[2m/src/app/pages/CheckoutPage.tsx, /src/styles/index.css[22m
[2m4:53:48 AM[22m [36m[1m[vite][22m[39m [90m[2m(client)[22m[39m [32mhmr update [39m[2m/src/app/pages/CheckoutPage.tsx, /src/styles/index.css[22m
[2m5:05:41 AM[22m [36m[1m[vite][22m[39m [90m[2m(client)[22m[39m [32mhmr update [39m[2m/src/app/App.tsx, /src/styles/index.css[22m
[2m5:05:51 AM[22m [36m[1m[vite][22m[39m [90m[2m(client)[22m[39m [32mhmr update [39m[2m/src/app/pages/AuthorPage.tsx, /src/styles/index.css[22m
[2m5:06:05 AM[22m [36m[1m[vite][22m[39m [90m[2m(client)[22m[39m [32mhmr update [39m[2m/src/app/pages/BrowsePage.tsx, /src/styles/index.css[22m
[2m5:11:16 AM[22m [36m[1m[vite][22m[39m [90m[2m(client)[22m[39m [32mhmr update [39m[2m/@fs/C:\Users\shnit\OneDrive\Desktop\Digital Publishing Platform\src\app\components\Navbar.tsx, /src/styles/index.css[22m
[2m5:14:11 AM[22m [36m[1m[vite][22m[39m [90m[2m(client)[22m[39m [32mhmr update [39m[2m/@fs/C:\Users\shnit\OneDrive\Desktop\Digital Publishing Platform\src\app\components\BookCard.tsx, /src/styles/index.css[22m
[2m5:14:30 AM[22m [36m[1m[vite][22m[39m [90m[2m(client)[22m[39m [32mhmr update [39m[2m/src/app/pages/AuthorPage.tsx, /src/styles/index.css[22m
[2m5:17:09 AM[22m [36m[1m[vite][22m[39m [90m[2m(client)[22m[39m [32mhmr update [39m[2m/src/app/pages/BookDetailPage.tsx, /src/styles/index.css[22m
[2m5:17:19 AM[22m [36m[1m[vite][22m[39m [90m[2m(client)[22m[39m [32mhmr update [39m[2m/src/app/pages/AuthorPage.tsx, /src/styles/index.css[22m
[2m5:24:53 AM[22m [36m[1m[vite][22m[39m [90m[2m(client)[22m[39m [32mhmr update [39m[2m/src/styles/index.css, /src/app/pages/AuthorPage.tsx, /src/app/pages/BookDetailPage.tsx, /src/app/pages/CheckoutPage.tsx, /src/app/pages/BrowsePage.tsx, /src/app/pages/HomePage_Premium.tsx, /src/app/pages/AuthorDashboardPage.tsx, /src/app/pages/WriterRegistrationPage.tsx, /src/app/pages/AdminDashboardPage.tsx, /@fs/C:\Users\shnit\OneDrive\Desktop\Digital Publishing Platform\src\app\components\Navbar.tsx, /@fs/C:\Users\shnit\OneDrive\Desktop\Digital Publishing Platform\src\app\components\BookCard.tsx, /src/app/pages/ReaderPage.tsx, /src/app/pages/LibraryPage.tsx[22m
[2m5:25:34 AM[22m [36m[1m[vite][22m[39m [90m[2m(client)[22m[39m [32mhmr update [39m[2m/src/styles/index.css, /src/app/pages/AuthorPage.tsx, /src/app/pages/BookDetailPage.tsx, /src/app/pages/CheckoutPage.tsx, /src/app/pages/BrowsePage.tsx, /src/app/pages/HomePage_Premium.tsx, /src/app/pages/AuthorDashboardPage.tsx, /src/app/pages/WriterRegistrationPage.tsx, /src/app/pages/AdminDashboardPage.tsx, /@fs/C:\Users\shnit\OneDrive\Desktop\Digital Publishing Platform\src\app\components\Navbar.tsx, /@fs/C:\Users\shnit\OneDrive\Desktop\Digital Publishing Platform\src\app\components\BookCard.tsx, /src/app/pages/ReaderPage.tsx, /src/app/pages/LibraryPage.tsx[22m
[2m5:50:00 AM[22m [36m[1m[vite][22m[39m [90m[2m(client)[22m[39m [32mhmr update [39m[2m/src/styles/index.css, /src/app/pages/AuthorPage.tsx, /src/app/pages/BookDetailPage.tsx, /src/app/pages/CheckoutPage.tsx, /src/app/pages/BrowsePage.tsx, /src/app/pages/HomePage_Premium.tsx, /src/app/pages/AuthorDashboardPage.tsx, /src/app/pages/WriterRegistrationPage.tsx, /src/app/pages/AdminDashboardPage.tsx, /@fs/C:\Users\shnit\OneDrive\Desktop\Digital Publishing Platform\src\app\components\Navbar.tsx, /@fs/C:\Users\shnit\OneDrive\Desktop\Digital Publishing Platform\src\app\components\BookCard.tsx, /src/app/pages/ReaderPage.tsx, /src/app/pages/LibraryPage.tsx[22m
[2m5:55:45 AM[22m [36m[1m[vite][22m[39m [90m[2m(client)[22m[39m [32mhmr update [39m[2m/@fs/C:\Users\shnit\OneDrive\Desktop\Digital Publishing Platform\src\app\components\Navbar.tsx, /src/styles/index.css[22m
[2m5:59:32 AM[22m [36m[1m[vite][22m[39m [90m[2m(client)[22m[39m [32mhmr update [39m[2m/src/styles/index.css, /src/app/pages/AuthorPage.tsx, /src/app/pages/BookDetailPage.tsx, /src/app/pages/CheckoutPage.tsx, /src/app/pages/BrowsePage.tsx, /src/app/pages/HomePage_Premium.tsx, /src/app/pages/AuthorDashboardPage.tsx, /src/app/pages/WriterRegistrationPage.tsx, /src/app/pages/AdminDashboardPage.tsx, /@fs/C:\Users\shnit\OneDrive\Desktop\Digital Publishing Platform\src\app\components\Navbar.tsx, /@fs/C:\Users\shnit\OneDrive\Desktop\Digital Publishing Platform\src\app\components\BookCard.tsx, /src/app/pages/ReaderPage.tsx, /src/app/pages/LibraryPage.tsx[22m
[2m6:03:45 AM[22m [36m[1m[vite][22m[39m [90m[2m(client)[22m[39m [32mhmr update [39m[2m/src/app/pages/WriterRegistrationPage.tsx, /src/styles/index.css[22m
[2m6:08:55 AM[22m [36m[1m[vite][22m[39m [90m[2m(client)[22m[39m [32mhmr update [39m[2m/src/app/pages/BookDetailPage.tsx, /src/styles/index.css[22m
[2m6:09:23 AM[22m [36m[1m[vite][22m[39m [90m[2m(client)[22m[39m [32mhmr update [39m[2m/src/app/pages/HomePage_Premium.tsx, /src/styles/index.css[22m
[2m6:16:35 AM[22m [36m[1m[vite][22m[39m [90m[2m(client)[22m[39m [32mhmr update [39m[2m/src/app/pages/HomePage_Premium.tsx, /src/styles/index.css[22m
[2m6:16:54 AM[22m [36m[1m[vite][22m[39m [90m[2m(client)[22m[39m [32mhmr update [39m[2m/src/styles/index.css, /src/app/pages/AuthorPage.tsx, /src/app/pages/BookDetailPage.tsx, /src/app/pages/CheckoutPage.tsx, /src/app/pages/BrowsePage.tsx, /src/app/pages/HomePage_Premium.tsx, /src/app/pages/AuthorDashboardPage.tsx, /src/app/pages/WriterRegistrationPage.tsx, /src/app/pages/AdminDashboardPage.tsx, /@fs/C:\Users\shnit\OneDrive\Desktop\Digital Publishing Platform\src\app\components\Navbar.tsx, /@fs/C:\Users\shnit\OneDrive\Desktop\Digital Publishing Platform\src\app\components\BookCard.tsx, /src/app/pages/ReaderPage.tsx, /src/app/pages/LibraryPage.tsx[22m
[2m6:17:04 AM[22m [36m[1m[vite][22m[39m [90m[2m(client)[22m[39m [32mhmr update [39m[2m/src/app/pages/AuthorPage.tsx, /src/styles/index.css[22m
[2m6:19:38 AM[22m [36m[1m[vite][22m[39m [90m[2m(client)[22m[39m [32mhmr update [39m[2m/src/app/pages/AuthorDashboardPage.tsx, /src/styles/index.css[22m
[2m6:20:18 AM[22m [36m[1m[vite][22m[39m [90m[2m(client)[22m[39m [32mhmr update [39m[2m/src/styles/index.css, /src/app/pages/AuthorPage.tsx, /src/app/pages/BookDetailPage.tsx, /src/app/pages/CheckoutPage.tsx, /src/app/pages/BrowsePage.tsx, /src/app/pages/HomePage_Premium.tsx, /src/app/pages/AuthorDashboardPage.tsx, /src/app/pages/WriterRegistrationPage.tsx, /src/app/pages/AdminDashboardPage.tsx, /@fs/C:\Users\shnit\OneDrive\Desktop\Digital Publishing Platform\src\app\components\Navbar.tsx, /@fs/C:\Users\shnit\OneDrive\Desktop\Digital Publishing Platform\src\app\components\BookCard.tsx, /src/app/pages/ReaderPage.tsx, /src/app/pages/LibraryPage.tsx[22m
[2m6:23:55 AM[22m [36m[1m[vite][22m[39m [90m[2m(client)[22m[39m [32mhmr update [39m[2m/src/app/pages/CheckoutPage.tsx, /src/styles/index.css[22m
[2m6:34:58 AM[22m [36m[1m[vite][22m[39m [90m[2m(client)[22m[39m [32mhmr update [39m[2m/@fs/C:\Users\shnit\OneDrive\Desktop\Digital Publishing Platform\src\app\components\Navbar.tsx, /src/styles/index.css[22m
